--- Startup times for process: Primary (or UI client) ---

times in msec
 clock   self+sourced   self:  sourced script
 clock   elapsed:              other lines

000.001  000.001: --- NVIM STARTING ---
000.269  000.268: event init
000.411  000.142: early init
000.522  000.111: locale set
000.597  000.075: init first window
001.628  001.030: inits 1
001.646  000.018: window checked
001.650  000.004: parsing arguments
002.505  000.097  000.097: require('vim.shared')
002.670  000.064  000.064: require('vim.inspect')
002.751  000.067  000.067: require('vim._options')
002.758  000.246  000.116: require('vim._editor')
002.760  000.395  000.052: require('vim._init_packages')
002.763  000.718: init lua interpreter
005.216  002.454: nvim_ui_attach
005.893  000.677: nvim_set_client_info
005.901  000.008: --- NVIM STARTED ---

--- Startup times for process: Embedded ---

times in msec
 clock   self+sourced   self:  sourced script
 clock   elapsed:              other lines

000.001  000.001: --- NVIM STARTING ---
000.306  000.305: event init
000.567  000.261: early init
000.796  000.229: locale set
000.964  000.168: init first window
002.180  001.216: inits 1
002.238  000.058: window checked
002.252  000.014: parsing arguments
003.741  000.075  000.075: require('vim.shared')
003.932  000.071  000.071: require('vim.inspect')
004.020  000.073  000.073: require('vim._options')
004.028  000.270  000.126: require('vim._editor')
004.030  000.406  000.060: require('vim._init_packages')
004.035  001.377: init lua interpreter
004.293  000.258: expanding arguments
004.388  000.095: inits 2
004.884  000.496: init highlight
004.888  000.004: waiting for UI
005.134  000.246: done waiting for UI
005.144  000.009: clear screen
005.421  000.041  000.041: require('vim.keymap')
008.041  000.390  000.390: sourcing nvim_exec2()
008.622  003.471  003.040: require('vim._defaults')
008.640  000.026: init default mappings & autocommands
012.448  001.086  001.086: sourcing /snap/nvim/4077/usr/share/nvim/runtime/ftplugin.vim
013.465  000.942  000.942: sourcing /snap/nvim/4077/usr/share/nvim/runtime/indent.vim
013.799  000.150  000.150: require('config.options')
013.894  000.090  000.090: require('config.keybinds')
014.926  000.777  000.777: require('lazy')
014.979  000.022  000.022: require('ffi')
015.048  000.031  000.031: require('vim.fs')
015.760  000.707  000.707: require('vim.uri')
015.787  000.803  000.064: require('vim.loader')
016.441  000.620  000.620: require('lazy.stats')
017.132  000.655  000.655: require('lazy.core.util')
017.812  000.671  000.671: require('lazy.core.config')
018.858  000.394  000.394: require('lazy.core.handler')
020.008  000.438  000.438: require('lazy.pkg')
020.024  000.791  000.353: require('lazy.core.meta')
020.037  001.173  000.381: require('lazy.core.plugin')
020.053  002.234  000.667: require('lazy.core.loader')
020.674  000.360  000.360: require('lazy.core.fragments')
024.422  000.429  000.429: require('lazy.core.handler.event')
024.433  000.931  000.503: require('lazy.core.handler.ft')
024.640  000.190  000.190: require('lazy.core.handler.keys')
024.865  000.218  000.218: require('lazy.core.handler.cmd')
025.479  000.258  000.258: sourcing nvim_exec2() called at /snap/nvim/4077/usr/share/nvim/runtime/filetype.lua:0
025.487  000.494  000.236: sourcing /snap/nvim/4077/usr/share/nvim/runtime/filetype.lua
025.494  000.560  000.066: sourcing nvim_exec2() called at /home/gautam/.config/nvim/init.lua:0
026.129  000.057  000.057: sourcing /home/gautam/.local/share/nvim/lazy/plenary.nvim/plugin/plenary.vim
026.140  000.114  000.057: sourcing nvim_exec2() called at /home/gautam/.config/nvim/init.lua:0
026.152  000.004  000.004: sourcing nvim_exec2() called at /home/gautam/.config/nvim/init.lua:0
026.178  000.003  000.003: sourcing nvim_exec2() called at /home/gautam/.config/nvim/init.lua:0
027.208  000.943  000.943: sourcing /home/gautam/.local/share/nvim/lazy/telescope.nvim/plugin/telescope.lua
027.220  000.996  000.053: sourcing nvim_exec2() called at /home/gautam/.config/nvim/init.lua:0
027.236  000.006  000.006: sourcing nvim_exec2() called at /home/gautam/.config/nvim/init.lua:0
027.259  000.002  000.002: sourcing nvim_exec2() called at /home/gautam/.config/nvim/init.lua:0
029.777  002.511  002.511: require('telescope.builtin')
030.278  000.057  000.057: sourcing /home/gautam/.local/share/nvim/lazy/nvim-web-devicons/plugin/nvim-web-devicons.vim
030.288  000.122  000.065: sourcing nvim_exec2() called at /home/gautam/.config/nvim/init.lua:0
030.303  000.006  000.006: sourcing nvim_exec2() called at /home/gautam/.config/nvim/init.lua:0
030.327  000.003  000.003: sourcing nvim_exec2() called at /home/gautam/.config/nvim/init.lua:0
030.346  000.002  000.002: sourcing nvim_exec2() called at /home/gautam/.config/nvim/init.lua:0
030.359  000.002  000.002: sourcing nvim_exec2() called at /home/gautam/.config/nvim/init.lua:0
031.913  000.384  000.384: require('lualine_require')
032.420  001.881  001.497: require('lualine')
032.804  000.020  000.020: sourcing nvim_exec2() called at /home/gautam/.config/nvim/init.lua:0
034.005  000.542  000.542: require('lualine.highlight')
034.840  000.018  000.018: sourcing nvim_exec2() called at /home/gautam/.config/nvim/init.lua:0
036.368  000.020  000.020: sourcing nvim_exec2() called at /home/gautam/.config/nvim/init.lua:0
036.547  000.034  000.034: sourcing nvim_exec2() called at /home/gautam/.config/nvim/init.lua:0
036.651  000.010  000.010: sourcing nvim_exec2() called at /home/gautam/.config/nvim/init.lua:0
036.704  000.010  000.010: sourcing nvim_exec2() called at /home/gautam/.config/nvim/init.lua:0
036.756  000.007  000.007: sourcing nvim_exec2() called at /home/gautam/.config/nvim/init.lua:0
036.881  000.074  000.074: sourcing nvim_exec2() called at /home/gautam/.config/nvim/init.lua:0
036.956  000.008  000.008: sourcing nvim_exec2() called at /home/gautam/.config/nvim/init.lua:0
037.039  000.007  000.007: sourcing nvim_exec2() called at /home/gautam/.config/nvim/init.lua:0
037.092  000.006  000.006: sourcing nvim_exec2() called at /home/gautam/.config/nvim/init.lua:0
037.140  000.006  000.006: sourcing nvim_exec2() called at /home/gautam/.config/nvim/init.lua:0
037.188  000.005  000.005: sourcing nvim_exec2() called at /home/gautam/.config/nvim/init.lua:0
037.234  000.005  000.005: sourcing nvim_exec2() called at /home/gautam/.config/nvim/init.lua:0
037.313  000.008  000.008: sourcing nvim_exec2() called at /home/gautam/.config/nvim/init.lua:0
037.367  000.006  000.006: sourcing nvim_exec2() called at /home/gautam/.config/nvim/init.lua:0
037.410  000.005  000.005: sourcing nvim_exec2() called at /home/gautam/.config/nvim/init.lua:0
037.552  000.009  000.009: sourcing nvim_exec2() called at /home/gautam/.config/nvim/init.lua:0
037.644  000.008  000.008: sourcing nvim_exec2() called at /home/gautam/.config/nvim/init.lua:0
037.696  000.007  000.007: sourcing nvim_exec2() called at /home/gautam/.config/nvim/init.lua:0
037.742  000.006  000.006: sourcing nvim_exec2() called at /home/gautam/.config/nvim/init.lua:0
037.789  000.006  000.006: sourcing nvim_exec2() called at /home/gautam/.config/nvim/init.lua:0
037.833  000.005  000.005: sourcing nvim_exec2() called at /home/gautam/.config/nvim/init.lua:0
037.858  000.020  000.020: sourcing nvim_exec2() called at /home/gautam/.config/nvim/init.lua:0
039.775  000.132  000.132: sourcing nvim_exec2() called at /home/gautam/.config/nvim/init.lua:0
039.799  000.012  000.012: sourcing nvim_exec2() called at /home/gautam/.config/nvim/init.lua:0
040.366  000.016  000.016: sourcing nvim_exec2() called at /home/gautam/.config/nvim/init.lua:0
040.433  000.007  000.007: sourcing nvim_exec2() called at /home/gautam/.config/nvim/init.lua:0
040.478  000.006  000.006: sourcing nvim_exec2() called at /home/gautam/.config/nvim/init.lua:0
040.572  000.008  000.008: sourcing nvim_exec2() called at /home/gautam/.config/nvim/init.lua:0
040.630  000.006  000.006: sourcing nvim_exec2() called at /home/gautam/.config/nvim/init.lua:0
040.672  000.005  000.005: sourcing nvim_exec2() called at /home/gautam/.config/nvim/init.lua:0
040.713  000.005  000.005: sourcing nvim_exec2() called at /home/gautam/.config/nvim/init.lua:0
040.760  000.006  000.006: sourcing nvim_exec2() called at /home/gautam/.config/nvim/init.lua:0
040.801  000.005  000.005: sourcing nvim_exec2() called at /home/gautam/.config/nvim/init.lua:0
040.847  000.009  000.009: sourcing nvim_exec2() called at /home/gautam/.config/nvim/init.lua:0
040.928  000.007  000.007: sourcing nvim_exec2() called at /home/gautam/.config/nvim/init.lua:0
040.987  000.006  000.006: sourcing nvim_exec2() called at /home/gautam/.config/nvim/init.lua:0
041.039  000.006  000.006: sourcing nvim_exec2() called at /home/gautam/.config/nvim/init.lua:0
041.090  000.005  000.005: sourcing nvim_exec2() called at /home/gautam/.config/nvim/init.lua:0
041.137  000.007  000.007: sourcing nvim_exec2() called at /home/gautam/.config/nvim/init.lua:0
041.179  000.005  000.005: sourcing nvim_exec2() called at /home/gautam/.config/nvim/init.lua:0
041.267  000.006  000.006: sourcing nvim_exec2() called at /home/gautam/.config/nvim/init.lua:0
041.307  000.005  000.005: sourcing nvim_exec2() called at /home/gautam/.config/nvim/init.lua:0
041.357  000.005  000.005: sourcing nvim_exec2() called at /home/gautam/.config/nvim/init.lua:0
041.398  000.005  000.005: sourcing nvim_exec2() called at /home/gautam/.config/nvim/init.lua:0
041.437  000.005  000.005: sourcing nvim_exec2() called at /home/gautam/.config/nvim/init.lua:0
041.701  000.017  000.017: sourcing nvim_exec2() called at /home/gautam/.config/nvim/init.lua:0
041.717  000.005  000.005: sourcing nvim_exec2() called at /home/gautam/.config/nvim/init.lua:0
041.725  000.004  000.004: sourcing nvim_exec2() called at /home/gautam/.config/nvim/init.lua:0
041.738  000.008  000.008: sourcing nvim_exec2() called at /home/gautam/.config/nvim/init.lua:0
042.719  000.013  000.013: sourcing nvim_exec2() called at /home/gautam/.config/nvim/init.lua:0
042.770  000.007  000.007: sourcing nvim_exec2() called at /home/gautam/.config/nvim/init.lua:0
042.814  000.006  000.006: sourcing nvim_exec2() called at /home/gautam/.config/nvim/init.lua:0
042.856  000.005  000.005: sourcing nvim_exec2() called at /home/gautam/.config/nvim/init.lua:0
042.897  000.005  000.005: sourcing nvim_exec2() called at /home/gautam/.config/nvim/init.lua:0
042.938  000.005  000.005: sourcing nvim_exec2() called at /home/gautam/.config/nvim/init.lua:0
042.978  000.005  000.005: sourcing nvim_exec2() called at /home/gautam/.config/nvim/init.lua:0
043.121  000.009  000.009: sourcing nvim_exec2() called at /home/gautam/.config/nvim/init.lua:0
043.167  000.006  000.006: sourcing nvim_exec2() called at /home/gautam/.config/nvim/init.lua:0
043.208  000.005  000.005: sourcing nvim_exec2() called at /home/gautam/.config/nvim/init.lua:0
043.250  000.005  000.005: sourcing nvim_exec2() called at /home/gautam/.config/nvim/init.lua:0
043.291  000.005  000.005: sourcing nvim_exec2() called at /home/gautam/.config/nvim/init.lua:0
043.354  000.006  000.006: sourcing nvim_exec2() called at /home/gautam/.config/nvim/init.lua:0
043.396  000.006  000.006: sourcing nvim_exec2() called at /home/gautam/.config/nvim/init.lua:0
043.444  000.006  000.006: sourcing nvim_exec2() called at /home/gautam/.config/nvim/init.lua:0
043.486  000.005  000.005: sourcing nvim_exec2() called at /home/gautam/.config/nvim/init.lua:0
043.526  000.005  000.005: sourcing nvim_exec2() called at /home/gautam/.config/nvim/init.lua:0
043.566  000.005  000.005: sourcing nvim_exec2() called at /home/gautam/.config/nvim/init.lua:0
043.618  000.005  000.005: sourcing nvim_exec2() called at /home/gautam/.config/nvim/init.lua:0
043.660  000.005  000.005: sourcing nvim_exec2() called at /home/gautam/.config/nvim/init.lua:0
043.700  000.005  000.005: sourcing nvim_exec2() called at /home/gautam/.config/nvim/init.lua:0
043.746  000.006  000.006: sourcing nvim_exec2() called at /home/gautam/.config/nvim/init.lua:0
043.791  000.005  000.005: sourcing nvim_exec2() called at /home/gautam/.config/nvim/init.lua:0
043.832  000.005  000.005: sourcing nvim_exec2() called at /home/gautam/.config/nvim/init.lua:0
043.909  000.006  000.006: sourcing nvim_exec2() called at /home/gautam/.config/nvim/init.lua:0
043.952  000.007  000.007: sourcing nvim_exec2() called at /home/gautam/.config/nvim/init.lua:0
043.993  000.005  000.005: sourcing nvim_exec2() called at /home/gautam/.config/nvim/init.lua:0
044.034  000.005  000.005: sourcing nvim_exec2() called at /home/gautam/.config/nvim/init.lua:0
045.598  000.433  000.433: require('lualine.utils.mode')
045.768  000.021  000.021: sourcing nvim_exec2() called at /home/gautam/.config/nvim/init.lua:0
045.812  000.011  000.011: sourcing nvim_exec2() called at /home/gautam/.config/nvim/init.lua:0
045.847  000.026  000.026: sourcing nvim_exec2() called at /home/gautam/.config/nvim/init.lua:0
045.864  000.010  000.010: sourcing nvim_exec2() called at /home/gautam/.config/nvim/init.lua:0
045.878  000.009  000.009: sourcing nvim_exec2() called at /home/gautam/.config/nvim/init.lua:0
048.173  000.435  000.435: require('nvim-treesitter.utils')
051.432  000.416  000.416: require('vim.treesitter.language')
051.748  000.305  000.305: require('vim.func')
052.094  000.330  000.330: require('vim.func._memoize')
052.158  001.731  000.681: require('vim.treesitter.query')
052.483  000.321  000.321: require('vim.treesitter._range')
052.518  002.574  000.522: require('vim.treesitter.languagetree')
052.534  003.139  000.565: require('vim.treesitter')
053.820  005.639  002.499: require('nvim-treesitter.parsers')
055.432  000.376  000.376: require('nvim-treesitter.compat')
056.723  000.865  000.865: require('nvim-treesitter.ts_utils')
056.747  001.308  000.443: require('nvim-treesitter.tsrange')
057.152  000.402  000.402: require('nvim-treesitter.caching')
057.195  002.560  000.474: require('nvim-treesitter.query')
057.265  003.072  000.512: require('nvim-treesitter.configs')
057.271  003.445  000.373: require('nvim-treesitter.info')
057.633  000.359  000.359: require('nvim-treesitter.shell_command_selectors')
057.679  010.444  000.567: require('nvim-treesitter.install')
057.975  000.291  000.291: require('nvim-treesitter.statusline')
058.284  000.305  000.305: require('nvim-treesitter.query_predicates')
058.290  011.878  000.838: require('nvim-treesitter')
058.664  000.358  000.358: require('vim.iter')
059.884  013.758  001.522: sourcing /home/gautam/.local/share/nvim/lazy/nvim-treesitter/plugin/nvim-treesitter.lua
059.898  013.822  000.063: sourcing nvim_exec2() called at /home/gautam/.config/nvim/init.lua:0
059.918  000.005  000.005: sourcing nvim_exec2() called at /home/gautam/.config/nvim/init.lua:0
059.943  000.003  000.003: sourcing nvim_exec2() called at /home/gautam/.config/nvim/init.lua:0
067.426  000.533  000.533: require('nvim-treesitter.indent')
069.312  001.812  001.812: require('nvim-treesitter.highlight')
069.491  000.011  000.011: sourcing nvim_exec2() called at /home/gautam/.config/nvim/init.lua:0
069.512  000.003  000.003: sourcing nvim_exec2() called at /home/gautam/.config/nvim/init.lua:0
073.675  000.284  000.284: require('tokyonight.config')
073.687  000.902  000.618: require('tokyonight')
074.241  000.224  000.224: require('tokyonight.util')
074.248  000.449  000.226: require('tokyonight.theme')
074.799  000.304  000.304: require('tokyonight.colors')
075.900  000.465  000.465: require('tokyonight.hsluv')
079.007  001.832  001.832: require('tokyonight.groups')
080.496  008.131  004.179: sourcing /home/gautam/.local/share/nvim/lazy/tokyonight.nvim/colors/tokyonight.lua
080.909  000.023  000.023: sourcing nvim_exec2() called at ColorScheme Autocommands for "*":0
081.755  000.416  000.416: require('lualine.themes._tokyonight')
082.241  000.011  000.011: sourcing nvim_exec2() called at ColorScheme Autocommands for "*":0
082.252  000.003  000.003: sourcing nvim_exec2() called at ColorScheme Autocommands for "*":0
082.259  000.002  000.002: sourcing nvim_exec2() called at ColorScheme Autocommands for "*":0
082.265  000.002  000.002: sourcing nvim_exec2() called at ColorScheme Autocommands for "*":0
082.270  000.002  000.002: sourcing nvim_exec2() called at ColorScheme Autocommands for "*":0
082.275  000.002  000.002: sourcing nvim_exec2() called at ColorScheme Autocommands for "*":0
082.280  000.002  000.002: sourcing nvim_exec2() called at ColorScheme Autocommands for "*":0
082.285  000.002  000.002: sourcing nvim_exec2() called at ColorScheme Autocommands for "*":0
082.290  000.002  000.002: sourcing nvim_exec2() called at ColorScheme Autocommands for "*":0
082.295  000.002  000.002: sourcing nvim_exec2() called at ColorScheme Autocommands for "*":0
082.300  000.002  000.002: sourcing nvim_exec2() called at ColorScheme Autocommands for "*":0
082.305  000.002  000.002: sourcing nvim_exec2() called at ColorScheme Autocommands for "*":0
082.311  000.002  000.002: sourcing nvim_exec2() called at ColorScheme Autocommands for "*":0
082.316  000.002  000.002: sourcing nvim_exec2() called at ColorScheme Autocommands for "*":0
082.321  000.002  000.002: sourcing nvim_exec2() called at ColorScheme Autocommands for "*":0
082.358  000.004  000.004: sourcing nvim_exec2() called at ColorScheme Autocommands for "*":0
082.364  000.002  000.002: sourcing nvim_exec2() called at ColorScheme Autocommands for "*":0
082.369  000.002  000.002: sourcing nvim_exec2() called at ColorScheme Autocommands for "*":0
082.374  000.002  000.002: sourcing nvim_exec2() called at ColorScheme Autocommands for "*":0
082.379  000.002  000.002: sourcing nvim_exec2() called at ColorScheme Autocommands for "*":0
082.384  000.002  000.002: sourcing nvim_exec2() called at ColorScheme Autocommands for "*":0
082.389  000.002  000.002: sourcing nvim_exec2() called at ColorScheme Autocommands for "*":0
082.394  000.002  000.002: sourcing nvim_exec2() called at ColorScheme Autocommands for "*":0
082.399  000.002  000.002: sourcing nvim_exec2() called at ColorScheme Autocommands for "*":0
082.403  000.002  000.002: sourcing nvim_exec2() called at ColorScheme Autocommands for "*":0
082.408  000.002  000.002: sourcing nvim_exec2() called at ColorScheme Autocommands for "*":0
082.413  000.002  000.002: sourcing nvim_exec2() called at ColorScheme Autocommands for "*":0
082.418  000.002  000.002: sourcing nvim_exec2() called at ColorScheme Autocommands for "*":0
082.423  000.002  000.002: sourcing nvim_exec2() called at ColorScheme Autocommands for "*":0
082.428  000.002  000.002: sourcing nvim_exec2() called at ColorScheme Autocommands for "*":0
082.433  000.002  000.002: sourcing nvim_exec2() called at ColorScheme Autocommands for "*":0
082.438  000.002  000.002: sourcing nvim_exec2() called at ColorScheme Autocommands for "*":0
082.443  000.002  000.002: sourcing nvim_exec2() called at ColorScheme Autocommands for "*":0
082.448  000.002  000.002: sourcing nvim_exec2() called at ColorScheme Autocommands for "*":0
082.453  000.002  000.002: sourcing nvim_exec2() called at ColorScheme Autocommands for "*":0
082.457  000.002  000.002: sourcing nvim_exec2() called at ColorScheme Autocommands for "*":0
082.519  000.011  000.011: require('vim.F')
082.529  000.069  000.058: sourcing nvim_exec2() called at ColorScheme Autocommands for "*":0
082.536  000.002  000.002: sourcing nvim_exec2() called at ColorScheme Autocommands for "*":0
082.610  000.005  000.005: sourcing nvim_exec2() called at ColorScheme Autocommands for "*":0
082.618  000.002  000.002: sourcing nvim_exec2() called at ColorScheme Autocommands for "*":0
082.666  000.004  000.004: sourcing nvim_exec2() called at ColorScheme Autocommands for "*":0
082.673  000.002  000.002: sourcing nvim_exec2() called at ColorScheme Autocommands for "*":0
082.678  000.002  000.002: sourcing nvim_exec2() called at ColorScheme Autocommands for "*":0
082.683  000.002  000.002: sourcing nvim_exec2() called at ColorScheme Autocommands for "*":0
082.688  000.002  000.002: sourcing nvim_exec2() called at ColorScheme Autocommands for "*":0
082.693  000.002  000.002: sourcing nvim_exec2() called at ColorScheme Autocommands for "*":0
082.698  000.002  000.002: sourcing nvim_exec2() called at ColorScheme Autocommands for "*":0
082.703  000.002  000.002: sourcing nvim_exec2() called at ColorScheme Autocommands for "*":0
082.708  000.002  000.002: sourcing nvim_exec2() called at ColorScheme Autocommands for "*":0
082.713  000.002  000.002: sourcing nvim_exec2() called at ColorScheme Autocommands for "*":0
082.718  000.002  000.002: sourcing nvim_exec2() called at ColorScheme Autocommands for "*":0
082.723  000.002  000.002: sourcing nvim_exec2() called at ColorScheme Autocommands for "*":0
082.728  000.002  000.002: sourcing nvim_exec2() called at ColorScheme Autocommands for "*":0
082.733  000.002  000.002: sourcing nvim_exec2() called at ColorScheme Autocommands for "*":0
082.738  000.002  000.002: sourcing nvim_exec2() called at ColorScheme Autocommands for "*":0
082.743  000.002  000.002: sourcing nvim_exec2() called at ColorScheme Autocommands for "*":0
082.748  000.002  000.002: sourcing nvim_exec2() called at ColorScheme Autocommands for "*":0
082.753  000.002  000.002: sourcing nvim_exec2() called at ColorScheme Autocommands for "*":0
082.758  000.002  000.002: sourcing nvim_exec2() called at ColorScheme Autocommands for "*":0
082.762  000.002  000.002: sourcing nvim_exec2() called at ColorScheme Autocommands for "*":0
082.768  000.002  000.002: sourcing nvim_exec2() called at ColorScheme Autocommands for "*":0
082.772  000.002  000.002: sourcing nvim_exec2() called at ColorScheme Autocommands for "*":0
082.777  000.002  000.002: sourcing nvim_exec2() called at ColorScheme Autocommands for "*":0
082.782  000.002  000.002: sourcing nvim_exec2() called at ColorScheme Autocommands for "*":0
082.787  000.002  000.002: sourcing nvim_exec2() called at ColorScheme Autocommands for "*":0
082.792  000.002  000.002: sourcing nvim_exec2() called at ColorScheme Autocommands for "*":0
082.797  000.002  000.002: sourcing nvim_exec2() called at ColorScheme Autocommands for "*":0
082.801  000.002  000.002: sourcing nvim_exec2() called at ColorScheme Autocommands for "*":0
082.807  000.002  000.002: sourcing nvim_exec2() called at ColorScheme Autocommands for "*":0
082.812  000.002  000.002: sourcing nvim_exec2() called at ColorScheme Autocommands for "*":0
082.816  000.002  000.002: sourcing nvim_exec2() called at ColorScheme Autocommands for "*":0
082.884  000.011  000.011: sourcing nvim_exec2() called at ColorScheme Autocommands for "*":0
082.909  000.005  000.005: sourcing nvim_exec2() called at ColorScheme Autocommands for "*":0
082.922  000.004  000.004: sourcing nvim_exec2() called at ColorScheme Autocommands for "*":0
082.938  000.005  000.005: sourcing nvim_exec2() called at ColorScheme Autocommands for "*":0
082.950  000.004  000.004: sourcing nvim_exec2() called at ColorScheme Autocommands for "*":0
082.961  000.004  000.004: sourcing nvim_exec2() called at ColorScheme Autocommands for "*":0
082.974  000.004  000.004: sourcing nvim_exec2() called at ColorScheme Autocommands for "*":0
082.986  000.004  000.004: sourcing nvim_exec2() called at ColorScheme Autocommands for "*":0
082.997  000.003  000.003: sourcing nvim_exec2() called at ColorScheme Autocommands for "*":0
083.009  000.004  000.004: sourcing nvim_exec2() called at ColorScheme Autocommands for "*":0
083.279  000.009  000.009: sourcing nvim_exec2() called at ColorScheme Autocommands for "*":0
083.298  000.004  000.004: sourcing nvim_exec2() called at ColorScheme Autocommands for "*":0
083.310  000.004  000.004: sourcing nvim_exec2() called at ColorScheme Autocommands for "*":0
083.322  000.003  000.003: sourcing nvim_exec2() called at ColorScheme Autocommands for "*":0
083.332  000.004  000.004: sourcing nvim_exec2() called at ColorScheme Autocommands for "*":0
083.344  000.003  000.003: sourcing nvim_exec2() called at ColorScheme Autocommands for "*":0
083.355  000.003  000.003: sourcing nvim_exec2() called at ColorScheme Autocommands for "*":0
083.381  000.020  000.020: sourcing nvim_exec2() called at ColorScheme Autocommands for "*":0
083.497  000.010  000.010: sourcing nvim_exec2() called at ColorScheme Autocommands for "*":0
083.511  000.006  000.006: sourcing nvim_exec2() called at ColorScheme Autocommands for "*":0
083.683  000.009  000.009: sourcing nvim_exec2() called at ColorScheme Autocommands for "*":0
083.700  000.004  000.004: sourcing nvim_exec2() called at ColorScheme Autocommands for "*":0
083.712  000.004  000.004: sourcing nvim_exec2() called at ColorScheme Autocommands for "*":0
083.723  000.004  000.004: sourcing nvim_exec2() called at ColorScheme Autocommands for "*":0
083.734  000.003  000.003: sourcing nvim_exec2() called at ColorScheme Autocommands for "*":0
083.745  000.003  000.003: sourcing nvim_exec2() called at ColorScheme Autocommands for "*":0
083.757  000.004  000.004: sourcing nvim_exec2() called at ColorScheme Autocommands for "*":0
083.773  000.004  000.004: sourcing nvim_exec2() called at ColorScheme Autocommands for "*":0
083.785  000.004  000.004: sourcing nvim_exec2() called at ColorScheme Autocommands for "*":0
083.795  000.003  000.003: sourcing nvim_exec2() called at ColorScheme Autocommands for "*":0
083.876  000.006  000.006: sourcing nvim_exec2() called at ColorScheme Autocommands for "*":0
083.921  000.005  000.005: sourcing nvim_exec2() called at ColorScheme Autocommands for "*":0
083.961  000.005  000.005: sourcing nvim_exec2() called at ColorScheme Autocommands for "*":0
083.999  000.005  000.005: sourcing nvim_exec2() called at ColorScheme Autocommands for "*":0
084.072  000.006  000.006: sourcing nvim_exec2() called at ColorScheme Autocommands for "*":0
084.086  000.004  000.004: sourcing nvim_exec2() called at ColorScheme Autocommands for "*":0
084.100  000.004  000.004: sourcing nvim_exec2() called at ColorScheme Autocommands for "*":0
084.111  000.003  000.003: sourcing nvim_exec2() called at ColorScheme Autocommands for "*":0
084.121  000.003  000.003: sourcing nvim_exec2() called at ColorScheme Autocommands for "*":0
084.132  000.003  000.003: sourcing nvim_exec2() called at ColorScheme Autocommands for "*":0
084.174  000.006  000.006: sourcing nvim_exec2() called at ColorScheme Autocommands for "*":0
084.195  000.013  000.013: sourcing nvim_exec2() called at ColorScheme Autocommands for "*":0
084.207  000.004  000.004: sourcing nvim_exec2() called at ColorScheme Autocommands for "*":0
084.216  000.004  000.004: sourcing nvim_exec2() called at ColorScheme Autocommands for "*":0
084.227  000.006  000.006: sourcing nvim_exec2() called at ColorScheme Autocommands for "*":0
084.618  000.011  000.011: sourcing nvim_exec2() called at ColorScheme Autocommands for "*":0
084.636  000.005  000.005: sourcing nvim_exec2() called at ColorScheme Autocommands for "*":0
084.649  000.004  000.004: sourcing nvim_exec2() called at ColorScheme Autocommands for "*":0
084.683  000.005  000.005: sourcing nvim_exec2() called at ColorScheme Autocommands for "*":0
084.697  000.004  000.004: sourcing nvim_exec2() called at ColorScheme Autocommands for "*":0
084.709  000.004  000.004: sourcing nvim_exec2() called at ColorScheme Autocommands for "*":0
084.850  000.008  000.008: sourcing nvim_exec2() called at ColorScheme Autocommands for "*":0
084.880  000.005  000.005: sourcing nvim_exec2() called at ColorScheme Autocommands for "*":0
084.893  000.004  000.004: sourcing nvim_exec2() called at ColorScheme Autocommands for "*":0
084.909  000.004  000.004: sourcing nvim_exec2() called at ColorScheme Autocommands for "*":0
084.921  000.004  000.004: sourcing nvim_exec2() called at ColorScheme Autocommands for "*":0
084.936  000.004  000.004: sourcing nvim_exec2() called at ColorScheme Autocommands for "*":0
084.948  000.004  000.004: sourcing nvim_exec2() called at ColorScheme Autocommands for "*":0
084.959  000.004  000.004: sourcing nvim_exec2() called at ColorScheme Autocommands for "*":0
084.979  000.005  000.005: sourcing nvim_exec2() called at ColorScheme Autocommands for "*":0
084.990  000.004  000.004: sourcing nvim_exec2() called at ColorScheme Autocommands for "*":0
085.005  000.004  000.004: sourcing nvim_exec2() called at ColorScheme Autocommands for "*":0
085.015  000.003  000.003: sourcing nvim_exec2() called at ColorScheme Autocommands for "*":0
085.024  000.003  000.003: sourcing nvim_exec2() called at ColorScheme Autocommands for "*":0
085.039  000.004  000.004: sourcing nvim_exec2() called at ColorScheme Autocommands for "*":0
085.050  000.004  000.004: sourcing nvim_exec2() called at ColorScheme Autocommands for "*":0
085.068  000.004  000.004: sourcing nvim_exec2() called at ColorScheme Autocommands for "*":0
085.078  000.003  000.003: sourcing nvim_exec2() called at ColorScheme Autocommands for "*":0
085.088  000.003  000.003: sourcing nvim_exec2() called at ColorScheme Autocommands for "*":0
085.102  000.004  000.004: sourcing nvim_exec2() called at ColorScheme Autocommands for "*":0
085.112  000.003  000.003: sourcing nvim_exec2() called at ColorScheme Autocommands for "*":0
085.122  000.003  000.003: sourcing nvim_exec2() called at ColorScheme Autocommands for "*":0
085.141  000.005  000.005: sourcing nvim_exec2() called at ColorScheme Autocommands for "*":0
085.396  000.021  000.021: sourcing nvim_exec2() called at ColorScheme Autocommands for "*":0
085.430  000.010  000.010: sourcing nvim_exec2() called at ColorScheme Autocommands for "*":0
085.461  000.023  000.023: sourcing nvim_exec2() called at ColorScheme Autocommands for "*":0
085.478  000.010  000.010: sourcing nvim_exec2() called at ColorScheme Autocommands for "*":0
085.491  000.007  000.007: sourcing nvim_exec2() called at ColorScheme Autocommands for "*":0
087.030  000.279  000.279: sourcing /snap/nvim/4077/usr/share/nvim/runtime/plugin/editorconfig.lua
087.042  000.348  000.069: sourcing nvim_exec2() called at /home/gautam/.config/nvim/init.lua:0
088.498  001.392  001.392: sourcing /snap/nvim/4077/usr/share/nvim/runtime/plugin/gzip.vim
088.509  001.449  000.057: sourcing nvim_exec2() called at /home/gautam/.config/nvim/init.lua:0
090.342  001.730  001.730: sourcing /snap/nvim/4077/usr/share/nvim/runtime/plugin/man.lua
090.352  001.806  000.076: sourcing nvim_exec2() called at /home/gautam/.config/nvim/init.lua:0
092.549  001.519  001.519: sourcing /snap/nvim/4077/usr/share/nvim/runtime/pack/dist/opt/matchit/plugin/matchit.vim
092.598  002.172  000.653: sourcing /snap/nvim/4077/usr/share/nvim/runtime/plugin/matchit.vim
092.605  002.226  000.054: sourcing nvim_exec2() called at /home/gautam/.config/nvim/init.lua:0
093.470  000.780  000.780: sourcing /snap/nvim/4077/usr/share/nvim/runtime/plugin/matchparen.vim
093.480  000.837  000.058: sourcing nvim_exec2() called at /home/gautam/.config/nvim/init.lua:0
095.339  001.079  001.079: sourcing /snap/nvim/4077/usr/share/nvim/runtime/pack/dist/opt/netrw/plugin/netrwPlugin.vim
095.387  001.743  000.665: sourcing /snap/nvim/4077/usr/share/nvim/runtime/plugin/netrwPlugin.vim
095.394  001.874  000.131: sourcing nvim_exec2() called at /home/gautam/.config/nvim/init.lua:0
096.063  000.508  000.508: sourcing /snap/nvim/4077/usr/share/nvim/runtime/plugin/osc52.lua
096.076  000.604  000.097: sourcing nvim_exec2() called at /home/gautam/.config/nvim/init.lua:0
098.738  002.487  002.487: sourcing /snap/nvim/4077/usr/share/nvim/runtime/plugin/rplugin.vim
098.751  002.589  000.102: sourcing nvim_exec2() called at /home/gautam/.config/nvim/init.lua:0
099.272  000.390  000.390: sourcing /snap/nvim/4077/usr/share/nvim/runtime/plugin/shada.vim
099.297  000.492  000.101: sourcing nvim_exec2() called at /home/gautam/.config/nvim/init.lua:0
099.903  000.386  000.386: sourcing /snap/nvim/4077/usr/share/nvim/runtime/plugin/spellfile.vim
099.927  000.548  000.163: sourcing nvim_exec2() called at /home/gautam/.config/nvim/init.lua:0
100.675  000.603  000.603: sourcing /snap/nvim/4077/usr/share/nvim/runtime/plugin/tarPlugin.vim
100.701  000.720  000.117: sourcing nvim_exec2() called at /home/gautam/.config/nvim/init.lua:0
103.146  002.276  002.276: sourcing /snap/nvim/4077/usr/share/nvim/runtime/plugin/tohtml.lua
103.173  002.437  000.161: sourcing nvim_exec2() called at /home/gautam/.config/nvim/init.lua:0
103.656  000.318  000.318: sourcing /snap/nvim/4077/usr/share/nvim/runtime/plugin/tutor.vim
103.669  000.431  000.113: sourcing nvim_exec2() called at /home/gautam/.config/nvim/init.lua:0
104.352  000.593  000.593: sourcing /snap/nvim/4077/usr/share/nvim/runtime/plugin/zipPlugin.vim
104.428  000.741  000.147: sourcing nvim_exec2() called at /home/gautam/.config/nvim/init.lua:0
105.248  091.350  033.312: require('config.lazy')
105.261  091.655  000.065: sourcing /home/gautam/.config/nvim/init.lua
105.316  002.993: sourcing vimrc file(s)
106.351  000.366  000.366: sourcing /snap/nvim/4077/usr/share/nvim/runtime/filetype.lua
108.543  000.543  000.543: sourcing /snap/nvim/4077/usr/share/nvim/runtime/syntax/synload.vim
108.703  002.177  001.634: sourcing /snap/nvim/4077/usr/share/nvim/runtime/syntax/syntax.vim
108.727  000.869: inits 3
111.181  002.453: reading ShaDa
111.448  000.267: opening buffers
111.650  000.202: BufEnter autocommands
111.654  000.005: editing files in windows
111.827  000.173: VimEnter autocommands
112.311  000.414  000.414: require('vim.termcap')
112.362  000.029  000.029: require('vim.text')
112.419  000.148: UIEnter autocommands
112.451  000.032: before starting main loop
112.797  000.346: first screen update
112.801  000.004: --- NVIM STARTED ---

